<?xml version="1.0" encoding="UTF-8"?>
<testng-results skipped="0" failed="0" ignored="0" total="1" passed="1">
  <reporter-output>
  </reporter-output>
  <suite name="Command line suite" duration-ms="16639" started-at="2017-12-13T07:14:36Z" finished-at="2017-12-13T07:14:53Z">
    <groups>
    </groups>
    <test name="Command line test" duration-ms="16639" started-at="2017-12-13T07:14:36Z" finished-at="2017-12-13T07:14:53Z">
      <class name="com.hcv.seleniumTest.RegressionTest">
        <test-method status="PASS" signature="lauchApp()[pri:0, instance:com.hcv.seleniumTest.RegressionTest@531be3c5]" name="lauchApp" is-config="true" duration-ms="7630" started-at="2017-12-13T12:44:36Z" finished-at="2017-12-13T12:44:44Z">
          <reporter-output>
          </reporter-output>
        </test-method> <!-- lauchApp -->
        <test-method status="PASS" signature="testsearch()[pri:0, instance:com.hcv.seleniumTest.RegressionTest@531be3c5]" name="testsearch" duration-ms="8358" started-at="2017-12-13T12:44:44Z" finished-at="2017-12-13T12:44:52Z">
          <reporter-output>
          </reporter-output>
        </test-method> <!-- testsearch -->
        <test-method status="PASS" signature="closeApp()[pri:0, instance:com.hcv.seleniumTest.RegressionTest@531be3c5]" name="closeApp" is-config="true" duration-ms="634" started-at="2017-12-13T12:44:52Z" finished-at="2017-12-13T12:44:53Z">
          <reporter-output>
          </reporter-output>
        </test-method> <!-- closeApp -->
      </class> <!-- com.hcv.seleniumTest.RegressionTest -->
    </test> <!-- Command line test -->
  </suite> <!-- Command line suite -->
</testng-results>
