<?xml version="1.0" encoding="UTF-8"?>
<testng-results skipped="0" failed="0" ignored="0" total="1" passed="1">
  <reporter-output>
  </reporter-output>
  <suite name="Command line suite" duration-ms="0" started-at="2017-12-13T07:14:53Z" finished-at="2017-12-13T07:14:53Z">
    <groups>
    </groups>
    <test name="Command line test" duration-ms="0" started-at="2017-12-13T07:14:53Z" finished-at="2017-12-13T07:14:53Z">
      <class name="com.hcv.seleniumTest.AppTest">
        <test-method status="PASS" signature="testApp()[pri:0, instance:testApp(com.hcv.seleniumTest.AppTest)]" name="testApp" duration-ms="0" started-at="2017-12-13T12:44:53Z" finished-at="2017-12-13T12:44:53Z">
          <reporter-output>
          </reporter-output>
        </test-method> <!-- testApp -->
      </class> <!-- com.hcv.seleniumTest.AppTest -->
    </test> <!-- Command line test -->
  </suite> <!-- Command line suite -->
</testng-results>
